-------------------------------------------------------------------------------
Test set: com.tosansoha.library.LibraryApplicationTests
-------------------------------------------------------------------------------
Tests run: 1, Failures: 0, Errors: 1, Skipped: 0, Time elapsed: 3.66 s <<< FAILURE! - in com.tosansoha.library.LibraryApplicationTests
contextLoads  Time elapsed: 0.002 s  <<< ERROR!
java.lang.NoClassDefFoundError: javax/persistence/EntityManagerFactory
Caused by: java.lang.ClassNotFoundException: javax.persistence.EntityManagerFactory

